<?xml version="1.0" encoding="UTF-8"?>
<!-- Generated by org.testng.reporters.JUnitXMLReporter -->
<testsuite ignored="0" hostname="s-korobko" failures="2" tests="5" name="All Tests" time="75.935" errors="0" timestamp="2022-10-26T23:08:10 EEST">
  <testcase classname="io.cucumber.testng.AbstractTestNGCucumberTests" name="runScenario" time="14.951"/>
  <testcase classname="io.cucumber.testng.AbstractTestNGCucumberTests" name="runScenario" time="10.303"/>
  <testcase classname="io.cucumber.testng.AbstractTestNGCucumberTests" name="runScenario" time="19.279">
    <failure type="java.lang.AssertionError" message="Page with title &amp;apos;{}&amp;apos; is not displayed">
      <![CDATA[java.lang.AssertionError: Page with title '{}' is not displayed
at org.example.steps.MenuSteps.verifyPageTitlePresence(MenuSteps.java:33)
at ✽.page with title "API Docs" is displayed(classpath:features/MenuSections.feature:9)
]]>
    </failure>
  </testcase> <!-- runScenario -->
  <testcase classname="io.cucumber.testng.AbstractTestNGCucumberTests" name="runScenario" time="10.391"/>
  <testcase classname="io.cucumber.testng.AbstractTestNGCucumberTests" name="runScenario" time="20.287">
    <failure type="java.lang.AssertionError" message="Page with title &amp;apos;{}&amp;apos; is not displayed">
      <![CDATA[java.lang.AssertionError: Page with title '{}' is not displayed
at org.example.steps.MenuSteps.verifyPageTitlePresence(MenuSteps.java:33)
at ✽.page with title "3rd Party Tools" is displayed(classpath:features/MenuSections.feature:9)
]]>
    </failure>
  </testcase> <!-- runScenario -->
</testsuite> <!-- All Tests -->
